The system is: Windows - 10.0.19044 - AMD64
Compiling the CXX compiler identification source file "CMakeCXXCompilerId.cpp" succeeded.
Compiler: D:/Visual Studio/Visual Studio/2022/Community/VC/Tools/MSVC/14.33.31629/bin/HostX64/x86/cl.exe 
Build flags: -DQT_QML_DEBUG
Id flags:  

The output was:
0
用于 x86 的 Microsoft (R) C/C++ 优化编译器 19.33.31630 版
版权所有(C) Microsoft Corporation。保留所有权利。

CMakeCXXCompilerId.cpp
Microsoft (R) Incremental Linker Version 14.33.31630.0
Copyright (C) Microsoft Corporation.  All rights reserved.

/out:CMakeCXXCompilerId.exe 
CMakeCXXCompilerId.obj 


Compilation of the CXX compiler identification source "CMakeCXXCompilerId.cpp" produced "CMakeCXXCompilerId.exe"

Compilation of the CXX compiler identification source "CMakeCXXCompilerId.cpp" produced "CMakeCXXCompilerId.obj"

The CXX compiler identification is MSVC, found in "E:/Qt/Basis/build-01_FirstProject-Desktop_Qt_5_15_2_MSVC2019_32bit-Debug/CMakeFiles/3.24.2/CompilerIdCXX/CMakeCXXCompilerId.exe"

Detecting CXX compiler ABI info compiled with the following output:
Change Dir: E:/Qt/Basis/build-01_FirstProject-Desktop_Qt_5_15_2_MSVC2019_32bit-Debug/CMakeFiles/CMakeTmp

Run Build Command(s):D:/Visual Studio/Visual Studio/2022/Community/Common7/IDE/CommonExtensions/Microsoft/CMake/Ninja/ninja.exe cmTC_358d8 && [1/2] Building CXX object CMakeFiles\cmTC_358d8.dir\CMakeCXXCompilerABI.cpp.obj
[2/2] Linking CXX executable cmTC_358d8.exe



